[L][2015-08-26 23:49] 来自 "::1" 的 "GET" 请求 "/"
[I][2015-08-26 23:49] 用时 23ms
[L][2015-08-26 23:49] 来自 "::1" 的 "GET" 请求 "/-dev/reloader/target-script.js"
[I][2015-08-26 23:49] 用时 17ms
[L][2015-08-26 23:49] 来自 "::1" 的 "GET" 请求 "/js/main.js"
[I][2015-08-26 23:49] 用时 28ms
[L][2015-08-26 23:49] 来自 "::1" 的 "GET" 请求 "/css/main.css"
[I][2015-08-26 23:49] 用时 34ms
[L][2015-08-26 23:49] 来自 "::1" 的 "GET" 请求 "/-dev/reloader/socket-io-client.js"
[I][2015-08-26 23:49] 用时 37ms
[L][2015-08-26 23:49] 来自 "::1" 的 "GET" 请求 "/-dev/inspector/target/target-script-min.js"
[I][2015-08-26 23:49] 用时 41ms
[L][2015-08-26 23:49] 来自 "::1" 的 "POST" 请求 "/ws/target"
[I][2015-08-26 23:49] 用时 3ms
[L][2015-08-26 23:49] 来自 "::1" 的 "POST" 请求 "/ws/target/t-1"
[I][2015-08-26 23:49] 用时 3ms
[L][2015-08-26 23:49] 来自 "::1" 的 "GET" 请求 "/ws/target/t-1"
[I][2015-08-26 23:49] 用时 3ms
[L][2015-08-26 23:49] 来自 "::1" 的 "GET" 请求 "/favicon.ico"
[I][2015-08-26 23:49] 用时 2ms
[L][2015-08-26 23:49] 来自 "::1" 的 "GET" 请求 "/ws/target/t-1"
[I][2015-08-26 23:54] 用时 5004ms
[L][2015-08-26 23:54] 来自 "::1" 的 "GET" 请求 "/ws/target/t-1"
[I][2015-08-26 23:59] 用时 5007ms
[L][2015-08-26 23:59] 来自 "::1" 的 "GET" 请求 "/ws/target/t-1"
[I][2015-08-26 23:04] 用时 5003ms
[L][2015-08-26 23:05] 来自 "::1" 的 "GET" 请求 "/ws/target/t-1"
[I][2015-08-26 23:10] 用时 5002ms
[L][2015-08-26 23:11] 来自 "::1" 的 "GET" 请求 "/ws/target/t-1"
[I][2015-08-26 23:16] 用时 5005ms
[L][2015-08-26 23:17] 来自 "::1" 的 "GET" 请求 "/ws/target/t-1"
[I][2015-08-26 23:22] 用时 5006ms
[L][2015-08-26 23:23] 来自 "::1" 的 "GET" 请求 "/ws/target/t-1"
[I][2015-08-26 23:28] 用时 5007ms
[L][2015-08-26 23:29] 来自 "::1" 的 "GET" 请求 "/ws/target/t-1"
[I][2015-08-26 23:34] 用时 5007ms
[L][2015-08-26 23:40] 来自 "::1" 的 "GET" 请求 "/"
[I][2015-08-26 23:40] 用时 7ms
[L][2015-08-26 23:35] 来自 "::1" 的 "GET" 请求 "/ws/target/t-1"
[I][2015-08-26 23:40] 用时 5008ms
[L][2015-08-26 23:40] 来自 "::1" 的 "GET" 请求 "/css/main.css"
[I][2015-08-26 23:40] 用时 4ms
[L][2015-08-26 23:40] 来自 "::1" 的 "GET" 请求 "/js/main.js"
[I][2015-08-26 23:40] 用时 8ms
[L][2015-08-26 23:40] 来自 "::1" 的 "GET" 请求 "/-dev/reloader/socket-io-client.js"
[I][2015-08-26 23:40] 用时 13ms
[L][2015-08-26 23:40] 来自 "::1" 的 "GET" 请求 "/-dev/inspector/target/target-script-min.js"
[I][2015-08-26 23:40] 用时 12ms
[L][2015-08-26 23:40] 来自 "::1" 的 "GET" 请求 "/-dev/reloader/target-script.js"
[I][2015-08-26 23:40] 用时 17ms
[L][2015-08-26 23:40] 来自 "::1" 的 "POST" 请求 "/ws/target"
[I][2015-08-26 23:40] 用时 2ms
[L][2015-08-26 23:40] 来自 "::1" 的 "POST" 请求 "/ws/target/t-2"
[I][2015-08-26 23:40] 用时 4ms
[L][2015-08-26 23:40] 来自 "::1" 的 "GET" 请求 "/ws/target/t-2"
[I][2015-08-26 23:40] 用时 3ms
[L][2015-08-26 23:40] 来自 "::1" 的 "GET" 请求 "/favicon.ico"
[I][2015-08-26 23:40] 用时 2ms
[L][2015-08-26 23:40] 来自 "::1" 的 "POST" 请求 "/ws/target/t-2"
[I][2015-08-26 23:40] 用时 2ms
[L][2015-08-26 23:40] 来自 "::1" 的 "POST" 请求 "/ws/target/t-2"
[I][2015-08-26 23:40] 用时 1ms
[L][2015-08-26 23:40] 来自 "::1" 的 "POST" 请求 "/ws/target/t-2"
[I][2015-08-26 23:40] 用时 2ms
[L][2015-08-26 23:40] 来自 "::1" 的 "GET" 请求 "/ws/target/t-2"
[I][2015-08-26 23:45] 用时 5007ms
[L][2015-08-26 23:49] 来自 "::1" 的 "GET" 请求 "/-dev/tools"
[I][2015-08-26 23:49] 用时 1ms
[L][2015-08-26 23:49] 来自 "::1" 的 "GET" 请求 "/-dev/tools/"
[I][2015-08-26 23:49] 用时 56ms
[L][2015-08-26 23:49] 来自 "::1" 的 "GET" 请求 "/__res__/nsp-client.js"
[I][2015-08-26 23:49] 用时 15ms
[L][2015-08-26 23:45] 来自 "::1" 的 "GET" 请求 "/ws/target/t-2"
[I][2015-08-26 23:50] 用时 5002ms
[L][2015-08-26 23:51] 来自 "::1" 的 "GET" 请求 "/-dev/tools/"
[I][2015-08-26 23:51] 用时 3ms
[L][2015-08-26 23:51] 来自 "::1" 的 "GET" 请求 "/__res__/nsp-client.js"
[I][2015-08-26 23:51] 用时 2ms
[L][2015-08-26 23:51] 来自 "::1" 的 "GET" 请求 "/favicon.ico"
[I][2015-08-26 23:51] 用时 2ms
