[L][2015-08-30 00:06] 来自 "::1" 的 "GET" 请求 "/index.html"
[I][2015-08-30 00:06] 用时 18ms
[L][2015-08-30 00:06] 来自 "::1" 的 "GET" 请求 "/css/main.css"
[I][2015-08-30 00:06] 用时 10ms
[L][2015-08-30 00:06] 来自 "::1" 的 "GET" 请求 "/js/main.js"
[I][2015-08-30 00:06] 用时 9ms
[L][2015-08-30 00:06] 来自 "::1" 的 "GET" 请求 "/-dev/common/target-script-min.js"
[I][2015-08-30 00:06] 用时 11ms
[L][2015-08-30 00:06] 来自 "::1" 的 "GET" 请求 "/favicon.ico"
[I][2015-08-30 00:06] 用时 7ms
[L][2015-08-30 00:20] 来自 "::1" 的 "GET" 请求 "/index.html"
[I][2015-08-30 00:20] 用时 3ms
[L][2015-08-30 00:20] 来自 "::1" 的 "GET" 请求 "/css/main.css"
[I][2015-08-30 00:20] 用时 4ms
[L][2015-08-30 00:20] 来自 "::1" 的 "GET" 请求 "/js/main.js"
[I][2015-08-30 00:20] 用时 7ms
[L][2015-08-30 00:20] 来自 "::1" 的 "GET" 请求 "/-dev/common/target-script-min.js"
[I][2015-08-30 00:20] 用时 16ms
[L][2015-08-30 00:20] 来自 "::1" 的 "GET" 请求 "/favicon.ico"
[I][2015-08-30 00:20] 用时 4ms
[L][2015-08-30 00:26] 来自 "::1" 的 "GET" 请求 "/index.html"
[I][2015-08-30 00:26] 用时 5ms
[L][2015-08-30 00:27] 来自 "::1" 的 "GET" 请求 "/css/main.css"
[I][2015-08-30 00:27] 用时 6ms
[L][2015-08-30 00:27] 来自 "::1" 的 "GET" 请求 "/js/main.js"
[I][2015-08-30 00:27] 用时 12ms
[L][2015-08-30 00:27] 来自 "::1" 的 "GET" 请求 "/-dev/common/target-script-min.js"
[I][2015-08-30 00:27] 用时 18ms
[L][2015-08-30 00:27] 来自 "::1" 的 "GET" 请求 "/favicon.ico"
[I][2015-08-30 00:27] 用时 3ms
[L][2015-08-30 00:41] 来自 "::1" 的 "GET" 请求 "/dev/reloader/target-script.js"
[I][2015-08-30 00:41] 用时 19ms
[L][2015-08-30 00:41] 来自 "::1" 的 "GET" 请求 "/index.html"
[I][2015-08-30 00:41] 用时 9ms
[L][2015-08-30 00:41] 来自 "::1" 的 "GET" 请求 "/css/main.css"
[I][2015-08-30 00:41] 用时 19ms
[L][2015-08-30 00:41] 来自 "::1" 的 "GET" 请求 "/js/main.js"
[I][2015-08-30 00:41] 用时 18ms
[L][2015-08-30 00:41] 来自 "::1" 的 "GET" 请求 "/-dev/common/target-script-min.js"
[I][2015-08-30 00:41] 用时 19ms
[L][2015-08-30 00:42] 来自 "::1" 的 "GET" 请求 "/favicon.ico"
[I][2015-08-30 00:42] 用时 3ms
[L][2015-08-30 00:42] 来自 "::1" 的 "GET" 请求 "/dev/reloader/target-script.js"
[I][2015-08-30 00:42] 用时 6ms
[L][2015-08-30 00:12] 来自 "::1" 的 "GET" 请求 "/-dev/reloader/target-script.js"
[I][2015-08-30 00:13] 用时 16ms
[L][2015-08-30 00:14] 来自 "::1" 的 "GET" 请求 "/index.html"
[I][2015-08-30 00:14] 用时 9ms
[L][2015-08-30 00:14] 来自 "::1" 的 "GET" 请求 "/css/main.css"
[I][2015-08-30 00:14] 用时 26ms
[L][2015-08-30 00:14] 来自 "::1" 的 "GET" 请求 "/js/main.js"
[I][2015-08-30 00:14] 用时 31ms
[L][2015-08-30 00:14] 来自 "::1" 的 "GET" 请求 "/-dev/common/target-script-min.js"
[I][2015-08-30 00:14] 用时 30ms
[L][2015-08-30 00:14] 来自 "::1" 的 "GET" 请求 "/favicon.ico"
[I][2015-08-30 00:14] 用时 7ms
[L][2015-08-30 00:14] 来自 "::1" 的 "GET" 请求 "/-dev/reloader/target-script.js"
[I][2015-08-30 00:14] 用时 5ms
[L][2015-08-30 00:26] 来自 "::1" 的 "GET" 请求 "/index.html"
[I][2015-08-30 00:26] 用时 51ms
[L][2015-08-30 00:26] 来自 "::1" 的 "GET" 请求 "/css/main.css"
[I][2015-08-30 00:26] 用时 19ms
[L][2015-08-30 00:26] 来自 "::1" 的 "GET" 请求 "/js/main.js"
[I][2015-08-30 00:26] 用时 31ms
[L][2015-08-30 00:26] 来自 "::1" 的 "GET" 请求 "/-dev/common/target-script-min.js"
[I][2015-08-30 00:26] 用时 47ms
[L][2015-08-30 00:27] 来自 "::1" 的 "GET" 请求 "/favicon.ico"
[I][2015-08-30 00:27] 用时 25ms
[L][2015-08-30 00:27] 来自 "::1" 的 "GET" 请求 "/-dev/reloader/target-script.js"
[I][2015-08-30 00:27] 用时 12ms
[L][2015-08-30 00:50] 来自 "::1" 的 "GET" 请求 "/-dev/reloader/target-script.js"
[I][2015-08-30 00:50] 用时 19ms
[L][2015-08-30 00:50] 来自 "::1" 的 "GET" 请求 "/index.html"
[I][2015-08-30 00:50] 用时 14ms
[L][2015-08-30 00:51] 来自 "::1" 的 "GET" 请求 "/css/main.css"
[I][2015-08-30 00:51] 用时 16ms
[L][2015-08-30 00:51] 来自 "::1" 的 "GET" 请求 "/js/main.js"
[I][2015-08-30 00:51] 用时 16ms
[L][2015-08-30 00:51] 来自 "::1" 的 "GET" 请求 "/-dev/common/target-script-min.js"
[I][2015-08-30 00:51] 用时 33ms
[L][2015-08-30 00:51] 来自 "::1" 的 "GET" 请求 "/favicon.ico"
[I][2015-08-30 00:51] 用时 7ms
[L][2015-08-30 00:51] 来自 "::1" 的 "GET" 请求 "/-dev/reloader/target-script.js"
[I][2015-08-30 00:51] 用时 4ms
[L][2015-08-30 00:04] 来自 "::1" 的 "GET" 请求 "/index.html"
[I][2015-08-30 00:04] 用时 6ms
[L][2015-08-30 00:04] 来自 "::1" 的 "GET" 请求 "/css/main.css"
[I][2015-08-30 00:04] 用时 7ms
[L][2015-08-30 00:04] 来自 "::1" 的 "GET" 请求 "/js/main.js"
[I][2015-08-30 00:04] 用时 11ms
[L][2015-08-30 00:04] 来自 "::1" 的 "GET" 请求 "/-dev/common/target-script-min.js"
[I][2015-08-30 00:04] 用时 16ms
[L][2015-08-30 00:04] 来自 "::1" 的 "GET" 请求 "/-dev/reloader/target-script.js"
[I][2015-08-30 00:04] 用时 4ms
[L][2015-08-30 00:00] 来自 "::1" 的 "GET" 请求 "/-dev/reloader/target-script.js"
[I][2015-08-30 00:00] 用时 10ms
[L][2015-08-30 00:02] 来自 "::1" 的 "GET" 请求 "/index.html"
[I][2015-08-30 00:02] 用时 12ms
[L][2015-08-30 00:03] 来自 "::1" 的 "GET" 请求 "/css/main.css"
[I][2015-08-30 00:03] 用时 14ms
[L][2015-08-30 00:03] 来自 "::1" 的 "GET" 请求 "/js/main.js"
[I][2015-08-30 00:03] 用时 14ms
[L][2015-08-30 00:03] 来自 "::1" 的 "GET" 请求 "/-dev/common/target-script-min.js"
[I][2015-08-30 00:03] 用时 24ms
[L][2015-08-30 00:03] 来自 "::1" 的 "GET" 请求 "/favicon.ico"
[I][2015-08-30 00:03] 用时 8ms
[L][2015-08-30 00:03] 来自 "::1" 的 "GET" 请求 "/-dev/reloader/target-script.js"
[I][2015-08-30 00:03] 用时 5ms
[L][2015-08-30 00:05] 来自 "::1" 的 "GET" 请求 "/index.html"
[I][2015-08-30 00:05] 用时 2ms
[L][2015-08-30 00:05] 来自 "::1" 的 "GET" 请求 "/css/main.css"
[I][2015-08-30 00:05] 用时 3ms
[L][2015-08-30 00:05] 来自 "::1" 的 "GET" 请求 "/js/main.js"
[I][2015-08-30 00:05] 用时 9ms
[L][2015-08-30 00:05] 来自 "::1" 的 "GET" 请求 "/-dev/common/target-script-min.js"
[I][2015-08-30 00:05] 用时 19ms
[L][2015-08-30 00:05] 来自 "::1" 的 "GET" 请求 "/favicon.ico"
[I][2015-08-30 00:05] 用时 4ms
[L][2015-08-30 00:05] 来自 "::1" 的 "GET" 请求 "/-dev/reloader/target-script.js"
[I][2015-08-30 00:05] 用时 5ms
[L][2015-08-30 00:19] 来自 "::1" 的 "GET" 请求 "/index.html"
[I][2015-08-30 00:19] 用时 3ms
[L][2015-08-30 00:19] 来自 "::1" 的 "GET" 请求 "/css/main.css"
[I][2015-08-30 00:19] 用时 4ms
[L][2015-08-30 00:19] 来自 "::1" 的 "GET" 请求 "/js/main.js"
[I][2015-08-30 00:19] 用时 4ms
[L][2015-08-30 00:19] 来自 "::1" 的 "GET" 请求 "/-dev/common/target-script-min.js"
[I][2015-08-30 00:19] 用时 9ms
[L][2015-08-30 00:19] 来自 "::1" 的 "GET" 请求 "/-dev/reloader/target-script.js"
[I][2015-08-30 00:19] 用时 8ms
[L][2015-08-30 00:59] 来自 "::1" 的 "GET" 请求 "/index.html"
[I][2015-08-30 00:59] 用时 3ms
[L][2015-08-30 00:59] 来自 "::1" 的 "GET" 请求 "/css/main.css"
[I][2015-08-30 00:59] 用时 7ms
[L][2015-08-30 00:59] 来自 "::1" 的 "GET" 请求 "/js/main.js"
[I][2015-08-30 00:59] 用时 8ms
[L][2015-08-30 00:59] 来自 "::1" 的 "GET" 请求 "/-dev/common/target-script-min.js"
[I][2015-08-30 00:59] 用时 12ms
[L][2015-08-30 00:59] 来自 "::1" 的 "GET" 请求 "/-dev/reloader/target-script.js"
[I][2015-08-30 00:59] 用时 3ms
[L][2015-08-30 00:23] 来自 "::1" 的 "GET" 请求 "/-dev/tools/"
[I][2015-08-30 00:24] 用时 354ms
[L][2015-08-30 00:24] 来自 "::1" 的 "GET" 请求 "/__res__/nsp-client.js"
[I][2015-08-30 00:24] 用时 19ms
[L][2015-08-30 00:26] 来自 "::1" 的 "GET" 请求 "/-dev/tools/"
[I][2015-08-30 00:26] 用时 11ms
[L][2015-08-30 00:26] 来自 "::1" 的 "GET" 请求 "/__res__/nsp-client.js"
[I][2015-08-30 00:26] 用时 2ms
[L][2015-08-30 00:26] 来自 "::1" 的 "GET" 请求 "/favicon.ico"
[I][2015-08-30 00:26] 用时 4ms
[L][2015-08-30 00:29] 来自 "::1" 的 "GET" 请求 "/index.html"
[I][2015-08-30 00:29] 用时 3ms
[L][2015-08-30 00:29] 来自 "::1" 的 "GET" 请求 "/css/main.css"
[I][2015-08-30 00:29] 用时 6ms
[L][2015-08-30 00:29] 来自 "::1" 的 "GET" 请求 "/js/main.js"
[I][2015-08-30 00:29] 用时 7ms
[L][2015-08-30 00:29] 来自 "::1" 的 "GET" 请求 "/-dev/common/target-script-min.js"
[I][2015-08-30 00:30] 用时 14ms
[L][2015-08-30 00:30] 来自 "::1" 的 "GET" 请求 "/favicon.ico"
[I][2015-08-30 00:30] 用时 4ms
[L][2015-08-30 00:30] 来自 "::1" 的 "GET" 请求 "/-dev/reloader/target-script.js"
[I][2015-08-30 00:30] 用时 4ms
[L][2015-08-30 00:35] 来自 "::1" 的 "GET" 请求 "/index.html"
[I][2015-08-30 00:35] 用时 2ms
[L][2015-08-30 00:35] 来自 "::1" 的 "GET" 请求 "/css/main.css"
[I][2015-08-30 00:35] 用时 7ms
[L][2015-08-30 00:35] 来自 "::1" 的 "GET" 请求 "/js/main.js"
[I][2015-08-30 00:35] 用时 8ms
[L][2015-08-30 00:35] 来自 "::1" 的 "GET" 请求 "/-dev/common/target-script-min.js"
[I][2015-08-30 00:35] 用时 12ms
[L][2015-08-30 00:35] 来自 "::1" 的 "GET" 请求 "/favicon.ico"
[I][2015-08-30 00:35] 用时 8ms
[L][2015-08-30 00:35] 来自 "::1" 的 "GET" 请求 "/-dev/reloader/target-script.js"
[I][2015-08-30 00:35] 用时 5ms
[L][2015-08-30 00:41] 来自 "::1" 的 "GET" 请求 "/index.html"
[I][2015-08-30 00:41] 用时 3ms
[L][2015-08-30 00:41] 来自 "::1" 的 "GET" 请求 "/css/main.css"
[I][2015-08-30 00:41] 用时 9ms
[L][2015-08-30 00:41] 来自 "::1" 的 "GET" 请求 "/js/main.js"
[I][2015-08-30 00:41] 用时 8ms
[L][2015-08-30 00:41] 来自 "::1" 的 "GET" 请求 "/-dev/common/target-script-min.js"
[I][2015-08-30 00:41] 用时 12ms
[L][2015-08-30 00:41] 来自 "::1" 的 "GET" 请求 "/-dev/reloader/target-script.js"
[I][2015-08-30 00:41] 用时 4ms
[L][2015-08-30 00:43] 来自 "::1" 的 "GET" 请求 "/index.html"
[I][2015-08-30 00:43] 用时 4ms
[L][2015-08-30 00:43] 来自 "::1" 的 "GET" 请求 "/css/main.css"
[I][2015-08-30 00:43] 用时 8ms
[L][2015-08-30 00:43] 来自 "::1" 的 "GET" 请求 "/js/main.js"
[I][2015-08-30 00:43] 用时 15ms
[L][2015-08-30 00:43] 来自 "::1" 的 "GET" 请求 "/-dev/common/target-script-min.js"
[I][2015-08-30 00:43] 用时 17ms
[L][2015-08-30 00:43] 来自 "::1" 的 "GET" 请求 "/-dev/reloader/target-script.js"
[I][2015-08-30 00:43] 用时 5ms
